<?xml version="1.0" encoding="UTF-8"?>
<!-- Generated by org.testng.reporters.JUnitReportReporter -->
<testsuite hostname="DESKTOP-J47KP1R" failures="0" tests="4" name="com.orangehrm.app.testCases.AddEmployee" time="17.081" errors="0" timestamp="06 Nov 2024 14:18:37 GMT" skipped="0">
  <testcase classname="com.orangehrm.app.testCases.AddEmployee" name="validateAddEmployee" time="3.444"/>
  <testcase classname="com.orangehrm.app.testCases.AddEmployee" name="validateAddEmployee" time="3.476"/>
  <testcase classname="com.orangehrm.app.testCases.AddEmployee" name="validateAddEmployee" time="5.243"/>
  <testcase classname="com.orangehrm.app.testCases.AddEmployee" name="validateAddEmployee" time="4.918"/>
</testsuite> <!-- com.orangehrm.app.testCases.AddEmployee -->
