<?xml version="1.0" encoding="UTF-8"?>
<!-- Generated by org.testng.reporters.JUnitReportReporter -->
<testsuite hostname="DESKTOP-J47KP1R" failures="0" tests="4" name="com.orangehrm.app.testCases.AddEmployee" time="14.634" errors="0" timestamp="06 Nov 2024 14:23:45 GMT" skipped="0">
  <testcase classname="com.orangehrm.app.testCases.AddEmployee" name="validateAddEmployee" time="3.408"/>
  <testcase classname="com.orangehrm.app.testCases.AddEmployee" name="validateAddEmployee" time="3.328"/>
  <testcase classname="com.orangehrm.app.testCases.AddEmployee" name="validateAddEmployee" time="4.175"/>
  <testcase classname="com.orangehrm.app.testCases.AddEmployee" name="validateAddEmployee" time="3.723"/>
</testsuite> <!-- com.orangehrm.app.testCases.AddEmployee -->
